[debug] [2022-09-15T06:14:31.989Z] ----------------------------------------------------------------------
[debug] [2022-09-15T06:14:31.996Z] Command:       C:\Program Files\nodejs\node.exe C:\Users\Toxic D\AppData\Roaming\npm\node_modules\firebase-tools\lib\bin\firebase.js emulators:start --only functions
[debug] [2022-09-15T06:14:31.998Z] CLI Version:   11.4.2
[debug] [2022-09-15T06:14:31.998Z] Platform:      win32
[debug] [2022-09-15T06:14:31.999Z] Node Version:  v16.16.0
[debug] [2022-09-15T06:14:32.015Z] Time:          Thu Sep 15 2022 14:14:31 GMT+0800 (Singapore Standard Time)
[debug] [2022-09-15T06:14:32.016Z] ----------------------------------------------------------------------
[debug] 
[debug] [2022-09-15T06:14:32.240Z] > command requires scopes: ["email","openid","https://www.googleapis.com/auth/cloudplatformprojects.readonly","https://www.googleapis.com/auth/firebase","https://www.googleapis.com/auth/cloud-platform"]
[debug] [2022-09-15T06:14:32.242Z] > authorizing via signed-in user (khayattullah73@gmail.com)
[info] i  emulators: Starting emulators: functions {"metadata":{"emulator":{"name":"hub"},"message":"Starting emulators: functions"}}
[debug] [2022-09-15T06:14:32.501Z] [hub] writing locator at C:\Users\TOXICD~1\AppData\Local\Temp\hub-kalitemusuper.json
[warn] !  functions: The following emulators are not running, calls to these services from the Functions emulator will affect production: auth, firestore, database, hosting, pubsub, storage {"metadata":{"emulator":{"name":"functions"},"message":"The following emulators are not running, calls to these services from the Functions emulator will affect production: \u001b[1mauth, firestore, database, hosting, pubsub, storage\u001b[22m"}}
[info] +  functions: Using node@16 from host. {"metadata":{"emulator":{"name":"functions"},"message":"Using node@16 from host."}}
[debug] [2022-09-15T06:14:32.881Z] defaultcredentials: writing to file C:\Users\Toxic D\AppData\Roaming\firebase\khayattullah73_gmail_com_application_default_credentials.json
[debug] [2022-09-15T06:14:32.885Z] Setting GAC to C:\Users\Toxic D\AppData\Roaming\firebase\khayattullah73_gmail_com_application_default_credentials.json {"metadata":{"emulator":{"name":"functions"},"message":"Setting GAC to C:\\Users\\Toxic D\\AppData\\Roaming\\firebase\\khayattullah73_gmail_com_application_default_credentials.json"}}
[debug] [2022-09-15T06:14:32.891Z] > refreshing access token with scopes: []
[debug] [2022-09-15T06:14:32.898Z] >>> [apiv2][query] POST https://www.googleapis.com/oauth2/v3/token [none]
[debug] [2022-09-15T06:14:32.899Z] >>> [apiv2][body] POST https://www.googleapis.com/oauth2/v3/token [omitted]
[debug] [2022-09-15T06:14:34.058Z] <<< [apiv2][status] POST https://www.googleapis.com/oauth2/v3/token 200
[debug] [2022-09-15T06:14:34.059Z] <<< [apiv2][body] POST https://www.googleapis.com/oauth2/v3/token [omitted]
[debug] [2022-09-15T06:14:34.097Z] >>> [apiv2][query] GET https://firebase.googleapis.com/v1beta1/projects/kalitemusuper/adminSdkConfig [none]
[debug] [2022-09-15T06:14:35.266Z] <<< [apiv2][status] GET https://firebase.googleapis.com/v1beta1/projects/kalitemusuper/adminSdkConfig 200
[debug] [2022-09-15T06:14:35.267Z] <<< [apiv2][body] GET https://firebase.googleapis.com/v1beta1/projects/kalitemusuper/adminSdkConfig {"projectId":"kalitemusuper","databaseURL":"https://kalitemusuper-default-rtdb.asia-southeast1.firebasedatabase.app","storageBucket":"kalitemusuper.appspot.com","locationId":"asia-southeast1"}
[debug] [2022-09-15T06:14:35.349Z] Ignoring unsupported arg: auto_download {"metadata":{"emulator":{"name":"ui"},"message":"Ignoring unsupported arg: auto_download"}}
[debug] [2022-09-15T06:14:35.350Z] Ignoring unsupported arg: port {"metadata":{"emulator":{"name":"ui"},"message":"Ignoring unsupported arg: port"}}
[debug] [2022-09-15T06:14:35.350Z] Starting Emulator UI with command {"binary":"node","args":["C:\\Users\\Toxic D\\.cache\\firebase\\emulators\\ui-v1.8.1\\server\\server.js"],"optionalArgs":[],"joinArgs":false} {"metadata":{"emulator":{"name":"ui"},"message":"Starting Emulator UI with command {\"binary\":\"node\",\"args\":[\"C:\\\\Users\\\\Toxic D\\\\.cache\\\\firebase\\\\emulators\\\\ui-v1.8.1\\\\server\\\\server.js\"],\"optionalArgs\":[],\"joinArgs\":false}"}}
[info] i  ui: Emulator UI logging to ui-debug.log {"metadata":{"emulator":{"name":"ui"},"message":"Emulator UI logging to \u001b[1mui-debug.log\u001b[22m"}}
[debug] [2022-09-15T06:14:35.790Z] Web / API server started at localhost:4000
 {"metadata":{"emulator":{"name":"ui"},"message":"Web / API server started at localhost:4000\n"}}
[info] i  functions: Watching "C:\Users\Toxic D\Downloads\react e commerce\kalitemu-super\functions" for Cloud Functions... {"metadata":{"emulator":{"name":"functions"},"message":"Watching \"C:\\Users\\Toxic D\\Downloads\\react e commerce\\kalitemu-super\\functions\" for Cloud Functions..."}}
[debug] [2022-09-15T06:14:35.941Z] Validating nodejs source
[warn] !  functions: package.json indicates an outdated version of firebase-functions. Please upgrade using npm install --save firebase-functions@latest in your functions directory. 
[debug] [2022-09-15T06:14:46.627Z] > [functions] package.json contents: {
  "name": "functions",
  "description": "Cloud Functions for Firebase",
  "scripts": {
    "lint": "eslint .",
    "serve": "firebase emulators:start --only functions",
    "shell": "firebase functions:shell",
    "start": "npm run shell",
    "deploy": "firebase deploy --only functions",
    "logs": "firebase functions:log"
  },
  "engines": {
    "node": "16"
  },
  "main": "index.js",
  "dependencies": {
    "@stripe/react-stripe-js": "^1.10.0",
    "@stripe/stripe-js": "^1.35.0",
    "axios": "^0.27.2",
    "cors": "^2.8.5",
    "express": "^4.18.1",
    "firebase-admin": "^10.0.2",
    "firebase-functions": "^3.18.0",
    "stripe": "^10.0.0"
  },
  "devDependencies": {
    "eslint": "^8.9.0",
    "eslint-config-google": "^0.14.0",
    "firebase-functions-test": "^0.2.0"
  },
  "private": true
}
[debug] [2022-09-15T06:14:46.629Z] Building nodejs source
[debug] [2022-09-15T06:14:46.630Z] Analyzing nodejs backend spec
[debug] [2022-09-15T06:14:46.634Z] Could not find functions.yaml. Must use http discovery
[debug] [2022-09-15T06:14:47.648Z] Serving at port 9005

[debug] [2022-09-15T06:14:48.332Z] Got response from /__/functions.yaml {"endpoints":{"api":{"platform":"gcfv1","timeoutSeconds":540,"availableMemoryMb":2048,"httpsTrigger":{},"entryPoint":"api"}},"specVersion":"v1alpha1","requiredAPIs":[]}
[debug] [2022-09-15T06:14:48.373Z] shutdown requested via /__/quitquitquit

[info] +  functions[us-central1-api]: http function initialized (http://localhost:5001/kalitemusuper/us-central1/api). {"metadata":{"emulator":{"name":"functions"},"message":"\u001b[1mhttp\u001b[22m function initialized (http://localhost:5001/kalitemusuper/us-central1/api)."}}
[info] 
┌─────────────────────────────────────────────────────────────┐
│ ✔  All emulators ready! It is now safe to connect your app. │
│ i  View Emulator UI at http://localhost:4000                │
└─────────────────────────────────────────────────────────────┘

┌───────────┬────────────────┬─────────────────────────────────┐
│ Emulator  │ Host:Port      │ View in Emulator UI             │
├───────────┼────────────────┼─────────────────────────────────┤
│ Functions │ localhost:5001 │ http://localhost:4000/functions │
└───────────┴────────────────┴─────────────────────────────────┘
  Emulator Hub running at localhost:4400
  Other reserved ports: 4500

Issues? Report them at https://github.com/firebase/firebase-tools/issues and attach the *-debug.log files.
 
[debug] [2022-09-15T06:22:17.422Z] [work-queue] {"queueLength":1,"workRunningCount":0}
[debug] [2022-09-15T06:22:17.424Z] [work-queue] {"queueLength":0,"workRunningCount":1}
[debug] [2022-09-15T06:22:17.425Z] Accepted request OPTIONS /kalitemusuper/us-central1/api/checkout/step3 --> us-central1-api
[debug] [2022-09-15T06:22:17.459Z] [worker-pool] addWorker(us-central1-api) {"metadata":{"emulator":{"name":"functions"},"message":"[worker-pool] addWorker(us-central1-api)"}}
[debug] [2022-09-15T06:22:17.460Z] [worker-pool] Adding worker with key us-central1-api, total=1 {"metadata":{"emulator":{"name":"functions"},"message":"[worker-pool] Adding worker with key us-central1-api, total=1"}}
[debug] [2022-09-15T06:22:17.461Z] [worker-pool] submitWork(triggerId=us-central1-api) {"metadata":{"emulator":{"name":"functions"},"message":"[worker-pool] submitWork(triggerId=us-central1-api)"}}
[debug] [2022-09-15T06:22:17.461Z] [worker-us-central1-api-2681516e-60b8-4ddc-9934-8b7542e75e62]: BUSY {"metadata":{"emulator":{"name":"functions"},"message":"[worker-us-central1-api-2681516e-60b8-4ddc-9934-8b7542e75e62]: BUSY"}}
[debug] [2022-09-15T06:22:22.667Z] [runtime-status] [9412] Resolved module firebase-admin {"declared":true,"installed":true,"version":"10.3.0","resolution":"C:\\Users\\Toxic D\\Downloads\\react e commerce\\kalitemu-super\\functions\\node_modules\\firebase-admin\\lib\\index.js"} {"metadata":{"emulator":{"name":"functions"},"function":{"name":"us-central1-api"},"extension":{},"message":"[runtime-status] [9412] Resolved module firebase-admin {\"declared\":true,\"installed\":true,\"version\":\"10.3.0\",\"resolution\":\"C:\\\\Users\\\\Toxic D\\\\Downloads\\\\react e commerce\\\\kalitemu-super\\\\functions\\\\node_modules\\\\firebase-admin\\\\lib\\\\index.js\"}"}}
[debug] [2022-09-15T06:22:22.672Z] [runtime-status] [9412] Resolved module firebase-functions {"declared":true,"installed":true,"version":"3.22.0","resolution":"C:\\Users\\Toxic D\\Downloads\\react e commerce\\kalitemu-super\\functions\\node_modules\\firebase-functions\\lib\\index.js"} {"metadata":{"emulator":{"name":"functions"},"function":{"name":"us-central1-api"},"extension":{},"message":"[runtime-status] [9412] Resolved module firebase-functions {\"declared\":true,\"installed\":true,\"version\":\"3.22.0\",\"resolution\":\"C:\\\\Users\\\\Toxic D\\\\Downloads\\\\react e commerce\\\\kalitemu-super\\\\functions\\\\node_modules\\\\firebase-functions\\\\lib\\\\index.js\"}"}}
[debug] [2022-09-15T06:22:22.674Z] [runtime-status] [9412] Outgoing network have been stubbed. [{"name":"http","status":"mocked"},{"name":"http","status":"mocked"},{"name":"https","status":"mocked"},{"name":"https","status":"mocked"},{"name":"net","status":"mocked"}] {"metadata":{"emulator":{"name":"functions"},"function":{"name":"us-central1-api"},"extension":{},"message":"[runtime-status] [9412] Outgoing network have been stubbed. [{\"name\":\"http\",\"status\":\"mocked\"},{\"name\":\"http\",\"status\":\"mocked\"},{\"name\":\"https\",\"status\":\"mocked\"},{\"name\":\"https\",\"status\":\"mocked\"},{\"name\":\"net\",\"status\":\"mocked\"}]"}}
[debug] [2022-09-15T06:22:22.676Z] [runtime-status] [9412] Resolved module firebase-functions {"declared":true,"installed":true,"version":"3.22.0","resolution":"C:\\Users\\Toxic D\\Downloads\\react e commerce\\kalitemu-super\\functions\\node_modules\\firebase-functions\\lib\\index.js"} {"metadata":{"emulator":{"name":"functions"},"function":{"name":"us-central1-api"},"extension":{},"message":"[runtime-status] [9412] Resolved module firebase-functions {\"declared\":true,\"installed\":true,\"version\":\"3.22.0\",\"resolution\":\"C:\\\\Users\\\\Toxic D\\\\Downloads\\\\react e commerce\\\\kalitemu-super\\\\functions\\\\node_modules\\\\firebase-functions\\\\lib\\\\index.js\"}"}}
[debug] [2022-09-15T06:22:22.848Z] [runtime-status] [9412] Checked functions.config() {"config":{}} {"metadata":{"emulator":{"name":"functions"},"function":{"name":"us-central1-api"},"extension":{},"message":"[runtime-status] [9412] Checked functions.config() {\"config\":{}}"}}
[debug] [2022-09-15T06:22:22.849Z] [runtime-status] [9412] firebase-functions has been stubbed. {"functionsResolution":{"declared":true,"installed":true,"version":"3.22.0","resolution":"C:\\Users\\Toxic D\\Downloads\\react e commerce\\kalitemu-super\\functions\\node_modules\\firebase-functions\\lib\\index.js"}} {"metadata":{"emulator":{"name":"functions"},"function":{"name":"us-central1-api"},"extension":{},"message":"[runtime-status] [9412] firebase-functions has been stubbed. {\"functionsResolution\":{\"declared\":true,\"installed\":true,\"version\":\"3.22.0\",\"resolution\":\"C:\\\\Users\\\\Toxic D\\\\Downloads\\\\react e commerce\\\\kalitemu-super\\\\functions\\\\node_modules\\\\firebase-functions\\\\lib\\\\index.js\"}}"}}
[debug] [2022-09-15T06:22:22.853Z] [runtime-status] [9412] Resolved module firebase-functions {"declared":true,"installed":true,"version":"3.22.0","resolution":"C:\\Users\\Toxic D\\Downloads\\react e commerce\\kalitemu-super\\functions\\node_modules\\firebase-functions\\lib\\index.js"} {"metadata":{"emulator":{"name":"functions"},"function":{"name":"us-central1-api"},"extension":{},"message":"[runtime-status] [9412] Resolved module firebase-functions {\"declared\":true,\"installed\":true,\"version\":\"3.22.0\",\"resolution\":\"C:\\\\Users\\\\Toxic D\\\\Downloads\\\\react e commerce\\\\kalitemu-super\\\\functions\\\\node_modules\\\\firebase-functions\\\\lib\\\\index.js\"}"}}
[debug] [2022-09-15T06:22:22.858Z] [runtime-status] [9412] Resolved module firebase-admin {"declared":true,"installed":true,"version":"10.3.0","resolution":"C:\\Users\\Toxic D\\Downloads\\react e commerce\\kalitemu-super\\functions\\node_modules\\firebase-admin\\lib\\index.js"} {"metadata":{"emulator":{"name":"functions"},"function":{"name":"us-central1-api"},"extension":{},"message":"[runtime-status] [9412] Resolved module firebase-admin {\"declared\":true,\"installed\":true,\"version\":\"10.3.0\",\"resolution\":\"C:\\\\Users\\\\Toxic D\\\\Downloads\\\\react e commerce\\\\kalitemu-super\\\\functions\\\\node_modules\\\\firebase-admin\\\\lib\\\\index.js\"}"}}
[debug] [2022-09-15T06:22:22.862Z] [runtime-status] [9412] Resolved module firebase-functions {"declared":true,"installed":true,"version":"3.22.0","resolution":"C:\\Users\\Toxic D\\Downloads\\react e commerce\\kalitemu-super\\functions\\node_modules\\firebase-functions\\lib\\index.js"} {"metadata":{"emulator":{"name":"functions"},"function":{"name":"us-central1-api"},"extension":{},"message":"[runtime-status] [9412] Resolved module firebase-functions {\"declared\":true,\"installed\":true,\"version\":\"3.22.0\",\"resolution\":\"C:\\\\Users\\\\Toxic D\\\\Downloads\\\\react e commerce\\\\kalitemu-super\\\\functions\\\\node_modules\\\\firebase-functions\\\\lib\\\\index.js\"}"}}
[debug] [2022-09-15T06:22:22.864Z] [runtime-status] [9412] firebase-admin has been stubbed. {"adminResolution":{"declared":true,"installed":true,"version":"10.3.0","resolution":"C:\\Users\\Toxic D\\Downloads\\react e commerce\\kalitemu-super\\functions\\node_modules\\firebase-admin\\lib\\index.js"}} {"metadata":{"emulator":{"name":"functions"},"function":{"name":"us-central1-api"},"extension":{},"message":"[runtime-status] [9412] firebase-admin has been stubbed. {\"adminResolution\":{\"declared\":true,\"installed\":true,\"version\":\"10.3.0\",\"resolution\":\"C:\\\\Users\\\\Toxic D\\\\Downloads\\\\react e commerce\\\\kalitemu-super\\\\functions\\\\node_modules\\\\firebase-admin\\\\lib\\\\index.js\"}}"}}
[debug] [2022-09-15T06:22:22.866Z] [runtime-status] [9412] Functions runtime initialized. {"cwd":"C:\\Users\\Toxic D\\Downloads\\react e commerce\\kalitemu-super\\functions","node_version":"16.16.0"} {"metadata":{"emulator":{"name":"functions"},"function":{"name":"us-central1-api"},"extension":{},"message":"[runtime-status] [9412] Functions runtime initialized. {\"cwd\":\"C:\\\\Users\\\\Toxic D\\\\Downloads\\\\react e commerce\\\\kalitemu-super\\\\functions\",\"node_version\":\"16.16.0\"}"}}
[debug] [2022-09-15T06:22:23.534Z] [runtime-status] [9412] Beginning invocation function api! {"metadata":{"emulator":{"name":"functions"},"function":{"name":"us-central1-api"},"extension":{},"message":"[runtime-status] [9412] Beginning invocation function api!"}}
[info] i  functions: Beginning execution of "api" {"metadata":{"emulator":{"name":"functions"},"function":{"name":"us-central1-api"},"extension":{},"message":"Beginning execution of \"api\""}}
[debug] [2022-09-15T06:22:23.537Z] [runtime-status] [9412] Running api in signature http {"metadata":{"emulator":{"name":"functions"},"function":{"name":"us-central1-api"},"extension":{},"message":"[runtime-status] [9412] Running api in signature http"}}
[debug] [2022-09-15T06:22:23.561Z] [runtime-status] [9412] Listening to port: \\?\pipe\fire_emu_5483f8f12a412523 {"metadata":{"emulator":{"name":"functions"},"function":{"name":"us-central1-api"},"extension":{},"message":"[runtime-status] [9412] Listening to port: \\\\?\\pipe\\fire_emu_5483f8f12a412523"}}
[debug] [2022-09-15T06:22:23.647Z] [functions] Runtime ready! Sending request! {"metadata":{"emulator":{"name":"functions"},"message":"[functions] Runtime ready! Sending request!"}}
[debug] [2022-09-15T06:22:23.650Z] [functions] Got req.url=/kalitemusuper/us-central1/api/checkout/step3, mapping to path=/checkout/step3 {"metadata":{"emulator":{"name":"functions"},"message":"[functions] Got req.url=/kalitemusuper/us-central1/api/checkout/step3, mapping to path=/checkout/step3"}}
[debug] [2022-09-15T06:22:23.660Z] [runtime-status] [9412] Ephemeral server handling OPTIONS request {"metadata":{"emulator":{"name":"functions"},"function":{"name":"us-central1-api"},"extension":{},"message":"[runtime-status] [9412] Ephemeral server handling OPTIONS request"}}
[debug] [2022-09-15T06:22:23.670Z] [runtime-status] [9412] Ephemeral server survived. {"metadata":{"emulator":{"name":"functions"},"function":{"name":"us-central1-api"},"extension":{},"message":"[runtime-status] [9412] Ephemeral server survived."}}
[info] i  functions: Finished "api" in ~1s {"metadata":{"emulator":{"name":"functions"},"function":{"name":"us-central1-api"},"extension":{},"message":"Finished \"api\" in ~1s"}}
[debug] [2022-09-15T06:22:23.674Z] [worker-us-central1-api-2681516e-60b8-4ddc-9934-8b7542e75e62]: IDLE {"metadata":{"emulator":{"name":"functions"},"message":"[worker-us-central1-api-2681516e-60b8-4ddc-9934-8b7542e75e62]: IDLE"}}
[debug] [2022-09-15T06:22:23.676Z] [work-queue] {"queueLength":0,"workRunningCount":0}
[debug] [2022-09-15T06:22:23.692Z] [work-queue] {"queueLength":1,"workRunningCount":0}
[debug] [2022-09-15T06:22:23.692Z] [work-queue] {"queueLength":0,"workRunningCount":1}
[debug] [2022-09-15T06:22:23.693Z] Accepted request POST /kalitemusuper/us-central1/api/checkout/step3 --> us-central1-api
[debug] [2022-09-15T06:22:23.693Z] [worker-pool] submitWork(triggerId=us-central1-api) {"metadata":{"emulator":{"name":"functions"},"message":"[worker-pool] submitWork(triggerId=us-central1-api)"}}
[debug] [2022-09-15T06:22:23.693Z] [worker-us-central1-api-2681516e-60b8-4ddc-9934-8b7542e75e62]: BUSY {"metadata":{"emulator":{"name":"functions"},"message":"[worker-us-central1-api-2681516e-60b8-4ddc-9934-8b7542e75e62]: BUSY"}}
[debug] [2022-09-15T06:22:23.696Z] [runtime-status] [9412] Beginning invocation function api! {"metadata":{"emulator":{"name":"functions"},"function":{"name":"us-central1-api"},"extension":{},"message":"[runtime-status] [9412] Beginning invocation function api!"}}
[info] i  functions: Beginning execution of "api" {"metadata":{"emulator":{"name":"functions"},"function":{"name":"us-central1-api"},"extension":{},"message":"Beginning execution of \"api\""}}
[debug] [2022-09-15T06:22:23.700Z] [runtime-status] [9412] Running api in signature http {"metadata":{"emulator":{"name":"functions"},"function":{"name":"us-central1-api"},"extension":{},"message":"[runtime-status] [9412] Running api in signature http"}}
[debug] [2022-09-15T06:22:23.701Z] [runtime-status] [9412] Listening to port: \\?\pipe\fire_emu_5483f8f12a412523 {"metadata":{"emulator":{"name":"functions"},"function":{"name":"us-central1-api"},"extension":{},"message":"[runtime-status] [9412] Listening to port: \\\\?\\pipe\\fire_emu_5483f8f12a412523"}}
[debug] [2022-09-15T06:22:23.822Z] [functions] Runtime ready! Sending request! {"metadata":{"emulator":{"name":"functions"},"message":"[functions] Runtime ready! Sending request!"}}
[debug] [2022-09-15T06:22:23.825Z] [functions] Got req.url=/kalitemusuper/us-central1/api/checkout/step3, mapping to path=/checkout/step3 {"metadata":{"emulator":{"name":"functions"},"message":"[functions] Got req.url=/kalitemusuper/us-central1/api/checkout/step3, mapping to path=/checkout/step3"}}
[debug] [2022-09-15T06:22:23.900Z] [runtime-status] [9412] Ephemeral server handling POST request {"metadata":{"emulator":{"name":"functions"},"function":{"name":"us-central1-api"},"extension":{},"message":"[runtime-status] [9412] Ephemeral server handling POST request"}}
[debug] [2022-09-15T06:22:23.934Z] [runtime-status] [9412] Ephemeral server survived. {"metadata":{"emulator":{"name":"functions"},"function":{"name":"us-central1-api"},"extension":{},"message":"[runtime-status] [9412] Ephemeral server survived."}}
[info] i  functions: Finished "api" in ~1s {"metadata":{"emulator":{"name":"functions"},"function":{"name":"us-central1-api"},"extension":{},"message":"Finished \"api\" in ~1s"}}
[debug] [2022-09-15T06:22:24.896Z] [worker-us-central1-api-2681516e-60b8-4ddc-9934-8b7542e75e62]: IDLE {"metadata":{"emulator":{"name":"functions"},"message":"[worker-us-central1-api-2681516e-60b8-4ddc-9934-8b7542e75e62]: IDLE"}}
[debug] [2022-09-15T06:22:24.897Z] [work-queue] {"queueLength":0,"workRunningCount":0}
